Traceback (most recent call last):
  File "/home/cosc-admin/projects/dw-api/send_dummy_batch.py", line 2, in <module>
    import requests
ModuleNotFoundError: No module named 'requests'
Traceback (most recent call last):
  File "/home/cosc-admin/projects/dw-api/send_dummy_batch.py", line 2, in <module>
    import requests
ModuleNotFoundError: No module named 'requests'
Traceback (most recent call last):
  File "/home/cosc-admin/projects/dw-api/send_dummy_batch.py", line 2, in <module>
    import requests
ModuleNotFoundError: No module named 'requests'
[2026-02-11 15:15:01.879927] Sent batch of 5 records
Response: {'status': 'success', 'inserted_count': 5, 'total_received': 5, 'rejects': None}
[2026-02-11 15:20:02.040920] Sent batch of 5 records
Response: {'status': 'partial', 'inserted_count': 4, 'total_received': 5, 'rejects': [{'index': 1, 'symbol': 'GOOGL', 'datetime': '2026-02-11T23:18:02.010093', 'reason': 'Duplicate key (already exists)'}]}
[2026-02-11 15:25:01.201291] Sent batch of 5 records
Response: {'status': 'success', 'inserted_count': 5, 'total_received': 5, 'rejects': None}
[2026-02-11 15:30:01.387981] Sent batch of 5 records
Response: {'status': 'success', 'inserted_count': 5, 'total_received': 5, 'rejects': None}
[2026-02-11 15:35:01.524061] Error sending batch: HTTPConnectionPool(host='localhost', port=8000): Max retries exceeded with url: /v1/load/features (Caused by NewConnectionError("HTTPConnection(host='localhost', port=8000): Failed to establish a new connection: [Errno 111] Connection refused"))
[2026-02-11 15:40:01.653864] Error sending batch: HTTPConnectionPool(host='localhost', port=8000): Max retries exceeded with url: /v1/load/features (Caused by NewConnectionError("HTTPConnection(host='localhost', port=8000): Failed to establish a new connection: [Errno 111] Connection refused"))
[2026-02-11 15:45:01.788871] Error sending batch: HTTPConnectionPool(host='localhost', port=8000): Max retries exceeded with url: /v1/load/features (Caused by NewConnectionError("HTTPConnection(host='localhost', port=8000): Failed to establish a new connection: [Errno 111] Connection refused"))
[2026-02-11 15:50:02.000545] Sent batch of 5 records
Response: {'status': 'success', 'inserted_count': 5, 'total_received': 5, 'rejects': None}
[2026-02-11 15:55:01.165462] Sent batch of 5 records
Response: {'status': 'partial', 'inserted_count': 4, 'total_received': 5, 'rejects': [{'index': 1, 'symbol': 'NVDA', 'datetime': '2026-02-11T23:55:01.136145', 'reason': 'Duplicate key (already exists)'}]}
[2026-02-11 16:00:01.321967] Sent batch of 5 records
Response: {'status': 'partial', 'inserted_count': 4, 'total_received': 5, 'rejects': [{'index': 3, 'symbol': 'TSLA', 'datetime': '2026-02-11T23:55:01.293708', 'reason': 'Duplicate key (already exists)'}]}
[2026-02-11 16:05:01.503097] Sent batch of 5 records
Response: {'status': 'success', 'inserted_count': 5, 'total_received': 5, 'rejects': None}
[2026-02-11 16:10:01.651460] Sent batch of 5 records
Response: {'status': 'success', 'inserted_count': 5, 'total_received': 5, 'rejects': None}
[2026-02-11 16:15:01.802249] Sent batch of 5 records
Response: {'status': 'success', 'inserted_count': 5, 'total_received': 5, 'rejects': None}
[2026-02-11 16:20:01.951527] Sent batch of 5 records
Response: {'status': 'success', 'inserted_count': 5, 'total_received': 5, 'rejects': None}
[2026-02-11 16:25:02.168895] Sent batch of 5 records
Response: {'status': 'success', 'inserted_count': 5, 'total_received': 5, 'rejects': None}
[2026-02-11 16:30:01.329095] Sent batch of 5 records
Response: {'status': 'success', 'inserted_count': 5, 'total_received': 5, 'rejects': None}
[2026-02-11 16:35:01.502853] Sent batch of 5 records
Response: {'status': 'partial', 'inserted_count': 4, 'total_received': 5, 'rejects': [{'index': 4, 'symbol': 'MSFT', 'datetime': '2026-02-12T00:30:01.472555', 'reason': 'Duplicate key (already exists)'}]}
[2026-02-11 16:40:01.668322] Sent batch of 5 records
Response: {'status': 'partial', 'inserted_count': 4, 'total_received': 5, 'rejects': [{'index': 3, 'symbol': 'NVDA', 'datetime': '2026-02-12T00:40:01.639918', 'reason': 'Duplicate key (already exists)'}]}
